<?xml version="1.0" encoding="UTF-8"?>
<testsuite name="Utest" tests="1" skipped="0" failures="0" errors="0" timestamp="2021-09-22T15:46:58" hostname="DESKTOP-M9JRS90" time="29.432">
  <properties/>
  <testcase name="Registrarme en Utest" classname="Utest" time="29.432"/>
  <system-out><![CDATA[]]></system-out>
  <system-err><![CDATA[[Test worker] WARN net.thucydides.core.steps.BaseStepListener - stepStarted: net.thucydides.core.steps.ExecutedStepDescription@7e55fa1a
[Test worker] WARN net.thucydides.core.steps.BaseStepListener - stepStarted: net.thucydides.core.steps.ExecutedStepDescription@3dede0b0
[Test worker] WARN net.thucydides.core.steps.BaseStepListener - stepStarted: net.thucydides.core.steps.ExecutedStepDescription@2954fee7
sept. 22, 2021 10:47:01 A. M. org.openqa.selenium.remote.DesiredCapabilities chrome
INFORMACIÓN: Using `new ChromeOptions()` is preferred to `DesiredCapabilities.chrome()`
[Test worker] INFO net.serenitybdd.core.webdriver.driverproviders.ProvideNewDriver - Instantiating driver
[Test worker] INFO net.serenitybdd.core.webdriver.driverproviders.ProvideNewDriver - Driver capabilities: Capabilities {acceptInsecureCerts: false, browserName: chrome, chrome.switches: --start-maximized, goog:chromeOptions: {args: [--start-maximized], extensions: []}, loggingPrefs: org.openqa.selenium.logging..., platform: ANY, version: }
Starting ChromeDriver 93.0.4577.63 (ff5c0da2ec0adeaed5550e6c7e98417dac77d98a-refs/branch-heads/4577@{#1135}) on port 14650
Only local connections are allowed.
Please see https://chromedriver.chromium.org/security-considerations for suggestions on keeping ChromeDriver safe.
ChromeDriver was started successfully.
sept. 22, 2021 10:47:07 A. M. org.openqa.selenium.remote.ProtocolHandshake createSession
INFORMACIÓN: Detected dialect: W3C
[Test worker] WARN net.thucydides.core.steps.BaseStepListener - stepFinished: current outcome:Registrarme en Utest:Given que Diego quiere ser un provador de aplicaciones en Utest [Diego open up [Diego opens the Utest page]]
[Test worker] WARN net.thucydides.core.steps.BaseStepListener - stepFinished: current outcome:Registrarme en Utest:Given que Diego quiere ser un provador de aplicaciones en Utest [Diego open up [Diego opens the Utest page]]
[Test worker] WARN net.thucydides.core.steps.BaseStepListener - stepFinished: current outcome:Registrarme en Utest:Given que Diego quiere ser un provador de aplicaciones en Utest [Diego open up [Diego opens the Utest page]]
[Test worker] WARN net.thucydides.core.steps.BaseStepListener - stepStarted: net.thucydides.core.steps.ExecutedStepDescription@71adc87c
[Test worker] WARN net.thucydides.core.steps.BaseStepListener - stepStarted: net.thucydides.core.steps.ExecutedStepDescription@34d682dd
[Test worker] WARN net.thucydides.core.steps.BaseStepListener - stepStarted: net.thucydides.core.steps.ExecutedStepDescription@1d61bd69
[Test worker] WARN net.thucydides.core.steps.BaseStepListener - stepFinished: current outcome:Registrarme en Utest:Given que Diego quiere ser un provador de aplicaciones en Utest [Diego open up [Diego opens the Utest page]], When el diligencia el formulario de registro en la plataforma de pruebas Utes [Diego sign up [Diego clicks on Boton para ir a formulario de registro]]
[Test worker] WARN net.thucydides.core.steps.BaseStepListener - stepStarted: net.thucydides.core.steps.ExecutedStepDescription@1ee60df4
[Test worker] WARN net.thucydides.core.steps.BaseStepListener - stepFinished: current outcome:Registrarme en Utest:Given que Diego quiere ser un provador de aplicaciones en Utest [Diego open up [Diego opens the Utest page]], When el diligencia el formulario de registro en la plataforma de pruebas Utes [Diego sign up [Diego clicks on Boton para ir a formulario de registro, Diego enters 'Diego' into Campo para escribir el nombre]]
[Test worker] WARN net.thucydides.core.steps.BaseStepListener - stepStarted: net.thucydides.core.steps.ExecutedStepDescription@33abefbe
[Test worker] WARN net.thucydides.core.steps.BaseStepListener - stepFinished: current outcome:Registrarme en Utest:Given que Diego quiere ser un provador de aplicaciones en Utest [Diego open up [Diego opens the Utest page]], When el diligencia el formulario de registro en la plataforma de pruebas Utes [Diego sign up [Diego clicks on Boton para ir a formulario de registro, Diego enters 'Diego' into Campo para escribir el nombre, Diego enters 'Lopez' into Campo para escribir el apellido]]
[Test worker] WARN net.thucydides.core.steps.BaseStepListener - stepStarted: net.thucydides.core.steps.ExecutedStepDescription@5536bc84
[Test worker] WARN net.thucydides.core.steps.BaseStepListener - stepFinished: current outcome:Registrarme en Utest:Given que Diego quiere ser un provador de aplicaciones en Utest [Diego open up [Diego opens the Utest page]], When el diligencia el formulario de registro en la plataforma de pruebas Utes [Diego sign up [Diego clicks on Boton para ir a formulario de registro, Diego enters 'Diego' into Campo para escribir el nombre, Diego enters 'Lopez' into Campo para escribir el apellido, Diego enters 'diegolop1797@gmail.com' into Campo para escribir el correo]]
[Test worker] WARN net.thucydides.core.steps.BaseStepListener - stepFinished: current outcome:Registrarme en Utest:Given que Diego quiere ser un provador de aplicaciones en Utest [Diego open up [Diego opens the Utest page]], When el diligencia el formulario de registro en la plataforma de pruebas Utes [Diego sign up [Diego clicks on Boton para ir a formulario de registro, Diego enters 'Diego' into Campo para escribir el nombre, Diego enters 'Lopez' into Campo para escribir el apellido, Diego enters 'diegolop1797@gmail.com' into Campo para escribir el correo]]
[Test worker] WARN net.thucydides.core.steps.BaseStepListener - stepFinished: current outcome:Registrarme en Utest:Given que Diego quiere ser un provador de aplicaciones en Utest [Diego open up [Diego opens the Utest page]], When el diligencia el formulario de registro en la plataforma de pruebas Utes [Diego sign up [Diego clicks on Boton para ir a formulario de registro, Diego enters 'Diego' into Campo para escribir el nombre, Diego enters 'Lopez' into Campo para escribir el apellido, Diego enters 'diegolop1797@gmail.com' into Campo para escribir el correo]]
[Test worker] WARN net.thucydides.core.steps.BaseStepListener - stepStarted: net.thucydides.core.steps.ExecutedStepDescription@40324494
[Test worker] WARN net.thucydides.core.steps.BaseStepListener - stepFinished: current outcome:Registrarme en Utest:Given que Diego quiere ser un provador de aplicaciones en Utest [Diego open up [Diego opens the Utest page]], When el diligencia el formulario de registro en la plataforma de pruebas Utes [Diego sign up [Diego clicks on Boton para ir a formulario de registro, Diego enters 'Diego' into Campo para escribir el nombre, Diego enters 'Lopez' into Campo para escribir el apellido, Diego enters 'diegolop1797@gmail.com' into Campo para escribir el correo]], Then el concluye su registro en la plataforma de pruebas Utes
[Test worker] WARN net.thucydides.core.steps.BaseStepListener - testFinished: Registrarme en Utest:Given que Diego quiere ser un provador de aplicaciones en Utest [Diego open up [Diego opens the Utest page]], When el diligencia el formulario de registro en la plataforma de pruebas Utes [Diego sign up [Diego clicks on Boton para ir a formulario de registro, Diego enters 'Diego' into Campo para escribir el nombre, Diego enters 'Lopez' into Campo para escribir el apellido, Diego enters 'diegolop1797@gmail.com' into Campo para escribir el correo]], Then el concluye su registro en la plataforma de pruebas Utes
[Test worker] WARN net.thucydides.core.steps.BaseStepListener - TestOutcomes: [Registrarme en Utest:Given que Diego quiere ser un provador de aplicaciones en Utest [Diego open up [Diego opens the Utest page]], When el diligencia el formulario de registro en la plataforma de pruebas Utes [Diego sign up [Diego clicks on Boton para ir a formulario de registro, Diego enters 'Diego' into Campo para escribir el nombre, Diego enters 'Lopez' into Campo para escribir el apellido, Diego enters 'diegolop1797@gmail.com' into Campo para escribir el correo]], Then el concluye su registro en la plataforma de pruebas Utes]
[Test worker] WARN net.thucydides.core.steps.BaseStepListener - Final testOutcomes: [Registrarme en Utest:Given que Diego quiere ser un provador de aplicaciones en Utest [Diego open up [Diego opens the Utest page]], When el diligencia el formulario de registro en la plataforma de pruebas Utes [Diego sign up [Diego clicks on Boton para ir a formulario de registro, Diego enters 'Diego' into Campo para escribir el nombre, Diego enters 'Lopez' into Campo para escribir el apellido, Diego enters 'diegolop1797@gmail.com' into Campo para escribir el correo]], Then el concluye su registro en la plataforma de pruebas Utes]
[Test worker] INFO net.thucydides.core.steps.ConsoleLoggingListener - 
        __    _____ _____ ____ _____   ____   _    ____  ____  _____ ____  
  _     \ \  |_   _| ____/ ___|_   _| |  _ \ / \  / ___|/ ___|| ____|  _ \ 
 (_)_____| |   | | |  _| \___ \ | |   | |_) / _ \ \___ \\___ \|  _| | | | |
  _|_____| |   | | | |___ ___) || |   |  __/ ___ \ ___) |___) | |___| |_| |
 (_)     | |   |_| |_____|____/ |_|   |_| /_/   \_\____/|____/|_____|____/ 
        /_/                                                                

TEST PASSED: Registrarme en Utest
----------------------------------------------------------------------------
]]></system-err>
</testsuite>
