<?xml version="1.0" encoding="UTF-8"?>
<testsuite name="Utest" tests="1" skipped="0" failures="0" errors="0" timestamp="2021-09-24T01:26:33" hostname="DESKTOP-M9JRS90" time="41.259">
  <properties/>
  <testcase name="Registrarme en Utest" classname="Utest" time="41.259"/>
  <system-out><![CDATA[]]></system-out>
  <system-err><![CDATA[[Test worker] WARN net.thucydides.core.steps.BaseStepListener - stepStarted: net.thucydides.core.steps.ExecutedStepDescription@49c2990b
[Test worker] WARN net.thucydides.core.steps.BaseStepListener - stepStarted: net.thucydides.core.steps.ExecutedStepDescription@50f4f28b
[Test worker] WARN net.thucydides.core.steps.BaseStepListener - stepStarted: net.thucydides.core.steps.ExecutedStepDescription@20cb453b
sept. 23, 2021 8:26:35 P. M. org.openqa.selenium.remote.DesiredCapabilities chrome
INFORMACIÓN: Using `new ChromeOptions()` is preferred to `DesiredCapabilities.chrome()`
[Test worker] INFO net.serenitybdd.core.webdriver.driverproviders.ProvideNewDriver - Instantiating driver
[Test worker] INFO net.serenitybdd.core.webdriver.driverproviders.ProvideNewDriver - Driver capabilities: Capabilities {acceptInsecureCerts: false, browserName: chrome, chrome.switches: --start-maximized, goog:chromeOptions: {args: [--start-maximized], extensions: []}, loggingPrefs: org.openqa.selenium.logging..., platform: ANY, version: }
Starting ChromeDriver 93.0.4577.63 (ff5c0da2ec0adeaed5550e6c7e98417dac77d98a-refs/branch-heads/4577@{#1135}) on port 34321
Only local connections are allowed.
Please see https://chromedriver.chromium.org/security-considerations for suggestions on keeping ChromeDriver safe.
ChromeDriver was started successfully.
sept. 23, 2021 8:26:41 P. M. org.openqa.selenium.remote.ProtocolHandshake createSession
INFORMACIÓN: Detected dialect: W3C
[Test worker] WARN net.thucydides.core.steps.BaseStepListener - stepFinished: current outcome:Registrarme en Utest:Given que Diego quiere ser un provador de aplicaciones en Utest [Diego open up [Diego opens the Utest page]]
[Test worker] WARN net.thucydides.core.steps.BaseStepListener - stepFinished: current outcome:Registrarme en Utest:Given que Diego quiere ser un provador de aplicaciones en Utest [Diego open up [Diego opens the Utest page]]
[Test worker] WARN net.thucydides.core.steps.BaseStepListener - stepFinished: current outcome:Registrarme en Utest:Given que Diego quiere ser un provador de aplicaciones en Utest [Diego open up [Diego opens the Utest page]]
[Test worker] WARN net.thucydides.core.steps.BaseStepListener - stepStarted: net.thucydides.core.steps.ExecutedStepDescription@20ec7f91
[Test worker] WARN net.thucydides.core.steps.BaseStepListener - stepStarted: net.thucydides.core.steps.ExecutedStepDescription@2e2a4a76
[Test worker] WARN net.thucydides.core.steps.BaseStepListener - stepStarted: net.thucydides.core.steps.ExecutedStepDescription@ab81aa2
[Test worker] WARN net.thucydides.core.steps.BaseStepListener - stepFinished: current outcome:Registrarme en Utest:Given que Diego quiere ser un provador de aplicaciones en Utest [Diego open up [Diego opens the Utest page]], When el diligencia el formulario de registro en la plataforma de pruebas Utes
| strName | StrLastName | strEmail |
| Diego | Lopez | diego@gmail.com | [Diego sign up [Diego clicks on Boton para ir a formulario de registro]]
[Test worker] WARN net.thucydides.core.steps.BaseStepListener - stepStarted: net.thucydides.core.steps.ExecutedStepDescription@790ebd56
[Test worker] WARN net.thucydides.core.steps.BaseStepListener - stepFinished: current outcome:Registrarme en Utest:Given que Diego quiere ser un provador de aplicaciones en Utest [Diego open up [Diego opens the Utest page]], When el diligencia el formulario de registro en la plataforma de pruebas Utes
| strName | StrLastName | strEmail |
| Diego | Lopez | diego@gmail.com | [Diego sign up [Diego clicks on Boton para ir a formulario de registro, Diego enters 'Diego' into Campo para escribir el nombre]]
[Test worker] WARN net.thucydides.core.steps.BaseStepListener - stepStarted: net.thucydides.core.steps.ExecutedStepDescription@7066c16b
[Test worker] WARN net.thucydides.core.steps.BaseStepListener - stepFinished: current outcome:Registrarme en Utest:Given que Diego quiere ser un provador de aplicaciones en Utest [Diego open up [Diego opens the Utest page]], When el diligencia el formulario de registro en la plataforma de pruebas Utes
| strName | StrLastName | strEmail |
| Diego | Lopez | diego@gmail.com | [Diego sign up [Diego clicks on Boton para ir a formulario de registro, Diego enters 'Diego' into Campo para escribir el nombre, Diego enters 'Lopez' into Campo para escribir el apellido]]
[Test worker] WARN net.thucydides.core.steps.BaseStepListener - stepStarted: net.thucydides.core.steps.ExecutedStepDescription@1bc7e8a8
[Test worker] WARN net.thucydides.core.steps.BaseStepListener - stepFinished: current outcome:Registrarme en Utest:Given que Diego quiere ser un provador de aplicaciones en Utest [Diego open up [Diego opens the Utest page]], When el diligencia el formulario de registro en la plataforma de pruebas Utes
| strName | StrLastName | strEmail |
| Diego | Lopez | diego@gmail.com | [Diego sign up [Diego clicks on Boton para ir a formulario de registro, Diego enters 'Diego' into Campo para escribir el nombre, Diego enters 'Lopez' into Campo para escribir el apellido, Diego enters 'diego@gmail.com' into Campo para escribir el correo]]
[Test worker] WARN net.thucydides.core.steps.BaseStepListener - stepFinished: current outcome:Registrarme en Utest:Given que Diego quiere ser un provador de aplicaciones en Utest [Diego open up [Diego opens the Utest page]], When el diligencia el formulario de registro en la plataforma de pruebas Utes
| strName | StrLastName | strEmail |
| Diego | Lopez | diego@gmail.com | [Diego sign up [Diego clicks on Boton para ir a formulario de registro, Diego enters 'Diego' into Campo para escribir el nombre, Diego enters 'Lopez' into Campo para escribir el apellido, Diego enters 'diego@gmail.com' into Campo para escribir el correo]]
[Test worker] WARN net.thucydides.core.steps.BaseStepListener - stepFinished: current outcome:Registrarme en Utest:Given que Diego quiere ser un provador de aplicaciones en Utest [Diego open up [Diego opens the Utest page]], When el diligencia el formulario de registro en la plataforma de pruebas Utes
| strName | StrLastName | strEmail |
| Diego | Lopez | diego@gmail.com | [Diego sign up [Diego clicks on Boton para ir a formulario de registro, Diego enters 'Diego' into Campo para escribir el nombre, Diego enters 'Lopez' into Campo para escribir el apellido, Diego enters 'diego@gmail.com' into Campo para escribir el correo]]
[Test worker] WARN net.thucydides.core.steps.BaseStepListener - stepStarted: net.thucydides.core.steps.ExecutedStepDescription@64771977
[Test worker] WARN net.thucydides.core.steps.BaseStepListener - stepFinished: current outcome:Registrarme en Utest:Given que Diego quiere ser un provador de aplicaciones en Utest [Diego open up [Diego opens the Utest page]], When el diligencia el formulario de registro en la plataforma de pruebas Utes
| strName | StrLastName | strEmail |
| Diego | Lopez | diego@gmail.com | [Diego sign up [Diego clicks on Boton para ir a formulario de registro, Diego enters 'Diego' into Campo para escribir el nombre, Diego enters 'Lopez' into Campo para escribir el apellido, Diego enters 'diego@gmail.com' into Campo para escribir el correo]], Then el concluye su registro en la plataforma de pruebas Utes
[Test worker] WARN net.thucydides.core.steps.BaseStepListener - testFinished: Registrarme en Utest:Given que Diego quiere ser un provador de aplicaciones en Utest [Diego open up [Diego opens the Utest page]], When el diligencia el formulario de registro en la plataforma de pruebas Utes
| strName | StrLastName | strEmail |
| Diego | Lopez | diego@gmail.com | [Diego sign up [Diego clicks on Boton para ir a formulario de registro, Diego enters 'Diego' into Campo para escribir el nombre, Diego enters 'Lopez' into Campo para escribir el apellido, Diego enters 'diego@gmail.com' into Campo para escribir el correo]], Then el concluye su registro en la plataforma de pruebas Utes
[Test worker] WARN net.thucydides.core.steps.BaseStepListener - TestOutcomes: [Registrarme en Utest:Given que Diego quiere ser un provador de aplicaciones en Utest [Diego open up [Diego opens the Utest page]], When el diligencia el formulario de registro en la plataforma de pruebas Utes
| strName | StrLastName | strEmail |
| Diego | Lopez | diego@gmail.com | [Diego sign up [Diego clicks on Boton para ir a formulario de registro, Diego enters 'Diego' into Campo para escribir el nombre, Diego enters 'Lopez' into Campo para escribir el apellido, Diego enters 'diego@gmail.com' into Campo para escribir el correo]], Then el concluye su registro en la plataforma de pruebas Utes]
[Test worker] WARN net.thucydides.core.steps.BaseStepListener - Final testOutcomes: [Registrarme en Utest:Given que Diego quiere ser un provador de aplicaciones en Utest [Diego open up [Diego opens the Utest page]], When el diligencia el formulario de registro en la plataforma de pruebas Utes
| strName | StrLastName | strEmail |
| Diego | Lopez | diego@gmail.com | [Diego sign up [Diego clicks on Boton para ir a formulario de registro, Diego enters 'Diego' into Campo para escribir el nombre, Diego enters 'Lopez' into Campo para escribir el apellido, Diego enters 'diego@gmail.com' into Campo para escribir el correo]], Then el concluye su registro en la plataforma de pruebas Utes]
[Test worker] INFO net.thucydides.core.steps.ConsoleLoggingListener - 
        __    _____ _____ ____ _____   ____   _    ____  ____  _____ ____  
  _     \ \  |_   _| ____/ ___|_   _| |  _ \ / \  / ___|/ ___|| ____|  _ \ 
 (_)_____| |   | | |  _| \___ \ | |   | |_) / _ \ \___ \\___ \|  _| | | | |
  _|_____| |   | | | |___ ___) || |   |  __/ ___ \ ___) |___) | |___| |_| |
 (_)     | |   |_| |_____|____/ |_|   |_| /_/   \_\____/|____/|_____|____/ 
        /_/                                                                

TEST PASSED: Registrarme en Utest
----------------------------------------------------------------------------
]]></system-err>
</testsuite>
